<?xml version="1.0" encoding="UTF-8"?>
<coverage generated="1699549730943" clover="3.2.0">
  <project timestamp="1699549730943" name="All files">
    <metrics statements="5" coveredstatements="5" conditionals="5" coveredconditionals="5" methods="2" coveredmethods="2" elements="12" coveredelements="12" complexity="0" loc="5" ncloc="5" packages="1" files="1" classes="1"/>
    <file name="app.js" path="C:\HE Vinci Bloc2\devops\devops-mini-proj-tdd-greetings\src\app.js">
      <metrics statements="5" coveredstatements="5" conditionals="5" coveredconditionals="5" methods="2" coveredmethods="2"/>
      <line num="2" count="4" type="cond" truecount="3" falsecount="0"/>
      <line num="6" count="4" type="cond" truecount="2" falsecount="0"/>
      <line num="7" count="3" type="stmt"/>
      <line num="9" count="1" type="stmt"/>
      <line num="12" count="1" type="stmt"/>
    </file>
  </project>
</coverage>
