{"C:\\HE Vinci Bloc2\\devops\\devops-mini-proj-tdd-greetings\\src\\app.js": {"path":"C:\\HE Vinci Bloc2\\devops\\devops-mini-proj-tdd-greetings\\src\\app.js","statementMap":{"0":{"start":{"line":2,"column":2},"end":{"line":2,"column":60}},"1":{"start":{"line":6,"column":2},"end":{"line":8,"column":3}},"2":{"start":{"line":7,"column":4},"end":{"line":7,"column":31}},"3":{"start":{"line":9,"column":2},"end":{"line":9,"column":27}},"4":{"start":{"line":12,"column":0},"end":{"line":12,"column":26}}},"fnMap":{"0":{"name":"isEmptyNullOrWhitespace","decl":{"start":{"line":1,"column":9},"end":{"line":1,"column":32}},"loc":{"start":{"line":1,"column":39},"end":{"line":3,"column":1}},"line":1},"1":{"name":"greeting","decl":{"start":{"line":5,"column":9},"end":{"line":5,"column":17}},"loc":{"start":{"line":5,"column":24},"end":{"line":10,"column":1}},"line":5}},"branchMap":{"0":{"loc":{"start":{"line":2,"column":9},"end":{"line":2,"column":59}},"type":"binary-expr","locations":[{"start":{"line":2,"column":9},"end":{"line":2,"column":22}},{"start":{"line":2,"column":26},"end":{"line":2,"column":44}},{"start":{"line":2,"column":48},"end":{"line":2,"column":59}}],"line":2},"1":{"loc":{"start":{"line":6,"column":2},"end":{"line":8,"column":3}},"type":"if","locations":[{"start":{"line":6,"column":2},"end":{"line":8,"column":3}},{"start":{},"end":{}}],"line":6}},"s":{"0":4,"1":4,"2":3,"3":1,"4":1},"f":{"0":4,"1":4},"b":{"0":[4,3,2],"1":[3,1]},"_coverageSchema":"1a1c01bbd47fc00a2c39e90264f33305004495a9","hash":"67355970b52ced8ef49b9ead2a80cc42e3623398"}
}
